<?xml version="1.0" encoding="UTF-8"?>
<testsuite xmlns:xsi="http://www.w3.org/2001/XMLSchema-instance" xsi:noNamespaceSchemaLocation="https://maven.apache.org/surefire/maven-surefire-plugin/xsd/surefire-test-report-3.0.xsd" version="3.0" name="Books table" time="26.307" tests="2" errors="1" skipped="0" failures="0">
  <properties>
    <property name="java.specification.version" value="13"/>
    <property name="webdriver.chrome.driver" value="/Users/alinapopescu/.m2/repository/webdriver/chromedriver/mac64/81.0.4044.69/chromedriver"/>
    <property name="sun.jnu.encoding" value="UTF-8"/>
    <property name="java.class.path" value="/Users/alinapopescu/IdeaProjects/fall-2019-cucumber-project/target/test-classes:/Users/alinapopescu/IdeaProjects/fall-2019-cucumber-project/target/classes:/Users/alinapopescu/.m2/repository/org/seleniumhq/selenium/selenium-java/3.141.59/selenium-java-3.141.59.jar:/Users/alinapopescu/.m2/repository/org/seleniumhq/selenium/selenium-api/3.141.59/selenium-api-3.141.59.jar:/Users/alinapopescu/.m2/repository/org/seleniumhq/selenium/selenium-chrome-driver/3.141.59/selenium-chrome-driver-3.141.59.jar:/Users/alinapopescu/.m2/repository/org/seleniumhq/selenium/selenium-edge-driver/3.141.59/selenium-edge-driver-3.141.59.jar:/Users/alinapopescu/.m2/repository/org/seleniumhq/selenium/selenium-firefox-driver/3.141.59/selenium-firefox-driver-3.141.59.jar:/Users/alinapopescu/.m2/repository/org/seleniumhq/selenium/selenium-ie-driver/3.141.59/selenium-ie-driver-3.141.59.jar:/Users/alinapopescu/.m2/repository/org/seleniumhq/selenium/selenium-opera-driver/3.141.59/selenium-opera-driver-3.141.59.jar:/Users/alinapopescu/.m2/repository/org/seleniumhq/selenium/selenium-remote-driver/3.141.59/selenium-remote-driver-3.141.59.jar:/Users/alinapopescu/.m2/repository/org/seleniumhq/selenium/selenium-safari-driver/3.141.59/selenium-safari-driver-3.141.59.jar:/Users/alinapopescu/.m2/repository/org/seleniumhq/selenium/selenium-support/3.141.59/selenium-support-3.141.59.jar:/Users/alinapopescu/.m2/repository/net/bytebuddy/byte-buddy/1.8.15/byte-buddy-1.8.15.jar:/Users/alinapopescu/.m2/repository/org/apache/commons/commons-exec/1.3/commons-exec-1.3.jar:/Users/alinapopescu/.m2/repository/com/google/guava/guava/25.0-jre/guava-25.0-jre.jar:/Users/alinapopescu/.m2/repository/com/google/code/findbugs/jsr305/1.3.9/jsr305-1.3.9.jar:/Users/alinapopescu/.m2/repository/org/checkerframework/checker-compat-qual/2.0.0/checker-compat-qual-2.0.0.jar:/Users/alinapopescu/.m2/repository/com/google/errorprone/error_prone_annotations/2.1.3/error_prone_annotations-2.1.3.jar:/Users/alinapopescu/.m2/repository/com/google/j2objc/j2objc-annotations/1.1/j2objc-annotations-1.1.jar:/Users/alinapopescu/.m2/repository/org/codehaus/mojo/animal-sniffer-annotations/1.14/animal-sniffer-annotations-1.14.jar:/Users/alinapopescu/.m2/repository/com/squareup/okhttp3/okhttp/3.11.0/okhttp-3.11.0.jar:/Users/alinapopescu/.m2/repository/com/squareup/okio/okio/1.14.0/okio-1.14.0.jar:/Users/alinapopescu/.m2/repository/io/cucumber/cucumber-java/5.1.3/cucumber-java-5.1.3.jar:/Users/alinapopescu/.m2/repository/io/cucumber/cucumber-core/5.1.3/cucumber-core-5.1.3.jar:/Users/alinapopescu/.m2/repository/io/cucumber/cucumber-gherkin/5.1.3/cucumber-gherkin-5.1.3.jar:/Users/alinapopescu/.m2/repository/io/cucumber/cucumber-gherkin-vintage/5.1.3/cucumber-gherkin-vintage-5.1.3.jar:/Users/alinapopescu/.m2/repository/io/cucumber/tag-expressions/2.0.4/tag-expressions-2.0.4.jar:/Users/alinapopescu/.m2/repository/io/cucumber/cucumber-expressions/8.3.1/cucumber-expressions-8.3.1.jar:/Users/alinapopescu/.m2/repository/io/cucumber/datatable/3.2.1/datatable-3.2.1.jar:/Users/alinapopescu/.m2/repository/io/cucumber/cucumber-plugin/5.1.3/cucumber-plugin-5.1.3.jar:/Users/alinapopescu/.m2/repository/io/cucumber/docstring/5.1.3/docstring-5.1.3.jar:/Users/alinapopescu/.m2/repository/org/apiguardian/apiguardian-api/1.1.0/apiguardian-api-1.1.0.jar:/Users/alinapopescu/.m2/repository/io/cucumber/cucumber-junit/5.1.3/cucumber-junit-5.1.3.jar:/Users/alinapopescu/.m2/repository/junit/junit/4.13/junit-4.13.jar:/Users/alinapopescu/.m2/repository/org/hamcrest/hamcrest-core/1.3/hamcrest-core-1.3.jar:/Users/alinapopescu/.m2/repository/io/github/bonigarcia/webdrivermanager/3.7.1/webdrivermanager-3.7.1.jar:/Users/alinapopescu/.m2/repository/org/slf4j/slf4j-api/1.7.25/slf4j-api-1.7.25.jar:/Users/alinapopescu/.m2/repository/commons-io/commons-io/2.6/commons-io-2.6.jar:/Users/alinapopescu/.m2/repository/com/google/code/gson/gson/2.8.5/gson-2.8.5.jar:/Users/alinapopescu/.m2/repository/org/apache/commons/commons-lang3/3.8.1/commons-lang3-3.8.1.jar:/Users/alinapopescu/.m2/repository/org/apache/httpcomponents/httpclient/4.5.6/httpclient-4.5.6.jar:/Users/alinapopescu/.m2/repository/org/apache/httpcomponents/httpcore/4.4.10/httpcore-4.4.10.jar:/Users/alinapopescu/.m2/repository/commons-logging/commons-logging/1.2/commons-logging-1.2.jar:/Users/alinapopescu/.m2/repository/commons-codec/commons-codec/1.10/commons-codec-1.10.jar:/Users/alinapopescu/.m2/repository/org/rauschig/jarchivelib/1.0.0/jarchivelib-1.0.0.jar:/Users/alinapopescu/.m2/repository/org/apache/commons/commons-compress/1.18/commons-compress-1.18.jar:/Users/alinapopescu/.m2/repository/org/jsoup/jsoup/1.11.3/jsoup-1.11.3.jar:"/>
    <property name="java.vm.vendor" value="Oracle Corporation"/>
    <property name="sun.arch.data.model" value="64"/>
    <property name="java.vendor.url" value="https://java.oracle.com/"/>
    <property name="user.timezone" value="America/New_York"/>
    <property name="os.name" value="Mac OS X"/>
    <property name="java.vm.specification.version" value="13"/>
    <property name="sun.java.launcher" value="SUN_STANDARD"/>
    <property name="user.country" value="US"/>
    <property name="sun.boot.library.path" value="/Library/Java/JavaVirtualMachines/jdk-13.0.1.jdk/Contents/Home/lib"/>
    <property name="sun.java.command" value="/Users/alinapopescu/IdeaProjects/fall-2019-cucumber-project/target/surefire/surefirebooter13500386025772510589.jar /Users/alinapopescu/IdeaProjects/fall-2019-cucumber-project/target/surefire 2020-05-02T18-28-43_430-jvmRun1 surefire6632919201476989065tmp surefire_016188261658437348683tmp"/>
    <property name="http.nonProxyHosts" value="local|*.local|169.254/16|*.169.254/16"/>
    <property name="jdk.debug" value="release"/>
    <property name="surefire.test.class.path" value="/Users/alinapopescu/IdeaProjects/fall-2019-cucumber-project/target/test-classes:/Users/alinapopescu/IdeaProjects/fall-2019-cucumber-project/target/classes:/Users/alinapopescu/.m2/repository/org/seleniumhq/selenium/selenium-java/3.141.59/selenium-java-3.141.59.jar:/Users/alinapopescu/.m2/repository/org/seleniumhq/selenium/selenium-api/3.141.59/selenium-api-3.141.59.jar:/Users/alinapopescu/.m2/repository/org/seleniumhq/selenium/selenium-chrome-driver/3.141.59/selenium-chrome-driver-3.141.59.jar:/Users/alinapopescu/.m2/repository/org/seleniumhq/selenium/selenium-edge-driver/3.141.59/selenium-edge-driver-3.141.59.jar:/Users/alinapopescu/.m2/repository/org/seleniumhq/selenium/selenium-firefox-driver/3.141.59/selenium-firefox-driver-3.141.59.jar:/Users/alinapopescu/.m2/repository/org/seleniumhq/selenium/selenium-ie-driver/3.141.59/selenium-ie-driver-3.141.59.jar:/Users/alinapopescu/.m2/repository/org/seleniumhq/selenium/selenium-opera-driver/3.141.59/selenium-opera-driver-3.141.59.jar:/Users/alinapopescu/.m2/repository/org/seleniumhq/selenium/selenium-remote-driver/3.141.59/selenium-remote-driver-3.141.59.jar:/Users/alinapopescu/.m2/repository/org/seleniumhq/selenium/selenium-safari-driver/3.141.59/selenium-safari-driver-3.141.59.jar:/Users/alinapopescu/.m2/repository/org/seleniumhq/selenium/selenium-support/3.141.59/selenium-support-3.141.59.jar:/Users/alinapopescu/.m2/repository/net/bytebuddy/byte-buddy/1.8.15/byte-buddy-1.8.15.jar:/Users/alinapopescu/.m2/repository/org/apache/commons/commons-exec/1.3/commons-exec-1.3.jar:/Users/alinapopescu/.m2/repository/com/google/guava/guava/25.0-jre/guava-25.0-jre.jar:/Users/alinapopescu/.m2/repository/com/google/code/findbugs/jsr305/1.3.9/jsr305-1.3.9.jar:/Users/alinapopescu/.m2/repository/org/checkerframework/checker-compat-qual/2.0.0/checker-compat-qual-2.0.0.jar:/Users/alinapopescu/.m2/repository/com/google/errorprone/error_prone_annotations/2.1.3/error_prone_annotations-2.1.3.jar:/Users/alinapopescu/.m2/repository/com/google/j2objc/j2objc-annotations/1.1/j2objc-annotations-1.1.jar:/Users/alinapopescu/.m2/repository/org/codehaus/mojo/animal-sniffer-annotations/1.14/animal-sniffer-annotations-1.14.jar:/Users/alinapopescu/.m2/repository/com/squareup/okhttp3/okhttp/3.11.0/okhttp-3.11.0.jar:/Users/alinapopescu/.m2/repository/com/squareup/okio/okio/1.14.0/okio-1.14.0.jar:/Users/alinapopescu/.m2/repository/io/cucumber/cucumber-java/5.1.3/cucumber-java-5.1.3.jar:/Users/alinapopescu/.m2/repository/io/cucumber/cucumber-core/5.1.3/cucumber-core-5.1.3.jar:/Users/alinapopescu/.m2/repository/io/cucumber/cucumber-gherkin/5.1.3/cucumber-gherkin-5.1.3.jar:/Users/alinapopescu/.m2/repository/io/cucumber/cucumber-gherkin-vintage/5.1.3/cucumber-gherkin-vintage-5.1.3.jar:/Users/alinapopescu/.m2/repository/io/cucumber/tag-expressions/2.0.4/tag-expressions-2.0.4.jar:/Users/alinapopescu/.m2/repository/io/cucumber/cucumber-expressions/8.3.1/cucumber-expressions-8.3.1.jar:/Users/alinapopescu/.m2/repository/io/cucumber/datatable/3.2.1/datatable-3.2.1.jar:/Users/alinapopescu/.m2/repository/io/cucumber/cucumber-plugin/5.1.3/cucumber-plugin-5.1.3.jar:/Users/alinapopescu/.m2/repository/io/cucumber/docstring/5.1.3/docstring-5.1.3.jar:/Users/alinapopescu/.m2/repository/org/apiguardian/apiguardian-api/1.1.0/apiguardian-api-1.1.0.jar:/Users/alinapopescu/.m2/repository/io/cucumber/cucumber-junit/5.1.3/cucumber-junit-5.1.3.jar:/Users/alinapopescu/.m2/repository/junit/junit/4.13/junit-4.13.jar:/Users/alinapopescu/.m2/repository/org/hamcrest/hamcrest-core/1.3/hamcrest-core-1.3.jar:/Users/alinapopescu/.m2/repository/io/github/bonigarcia/webdrivermanager/3.7.1/webdrivermanager-3.7.1.jar:/Users/alinapopescu/.m2/repository/org/slf4j/slf4j-api/1.7.25/slf4j-api-1.7.25.jar:/Users/alinapopescu/.m2/repository/commons-io/commons-io/2.6/commons-io-2.6.jar:/Users/alinapopescu/.m2/repository/com/google/code/gson/gson/2.8.5/gson-2.8.5.jar:/Users/alinapopescu/.m2/repository/org/apache/commons/commons-lang3/3.8.1/commons-lang3-3.8.1.jar:/Users/alinapopescu/.m2/repository/org/apache/httpcomponents/httpclient/4.5.6/httpclient-4.5.6.jar:/Users/alinapopescu/.m2/repository/org/apache/httpcomponents/httpcore/4.4.10/httpcore-4.4.10.jar:/Users/alinapopescu/.m2/repository/commons-logging/commons-logging/1.2/commons-logging-1.2.jar:/Users/alinapopescu/.m2/repository/commons-codec/commons-codec/1.10/commons-codec-1.10.jar:/Users/alinapopescu/.m2/repository/org/rauschig/jarchivelib/1.0.0/jarchivelib-1.0.0.jar:/Users/alinapopescu/.m2/repository/org/apache/commons/commons-compress/1.18/commons-compress-1.18.jar:/Users/alinapopescu/.m2/repository/org/jsoup/jsoup/1.11.3/jsoup-1.11.3.jar:"/>
    <property name="sun.cpu.endian" value="little"/>
    <property name="user.home" value="/Users/alinapopescu"/>
    <property name="user.language" value="en"/>
    <property name="java.specification.vendor" value="Oracle Corporation"/>
    <property name="java.version.date" value="2019-10-15"/>
    <property name="java.home" value="/Library/Java/JavaVirtualMachines/jdk-13.0.1.jdk/Contents/Home"/>
    <property name="file.separator" value="/"/>
    <property name="basedir" value="/Users/alinapopescu/IdeaProjects/fall-2019-cucumber-project"/>
    <property name="java.vm.compressedOopsMode" value="Zero based"/>
    <property name="line.separator" value="&#10;"/>
    <property name="java.vm.specification.vendor" value="Oracle Corporation"/>
    <property name="java.specification.name" value="Java Platform API Specification"/>
    <property name="surefire.real.class.path" value="/Users/alinapopescu/IdeaProjects/fall-2019-cucumber-project/target/surefire/surefirebooter13500386025772510589.jar"/>
    <property name="sun.management.compiler" value="HotSpot 64-Bit Tiered Compilers"/>
    <property name="ftp.nonProxyHosts" value="local|*.local|169.254/16|*.169.254/16"/>
    <property name="java.runtime.version" value="13.0.1+9"/>
    <property name="user.name" value="alinapopescu"/>
    <property name="path.separator" value=":"/>
    <property name="os.version" value="10.14.6"/>
    <property name="java.runtime.name" value="Java(TM) SE Runtime Environment"/>
    <property name="file.encoding" value="UTF-8"/>
    <property name="java.vm.name" value="Java HotSpot(TM) 64-Bit Server VM"/>
    <property name="idea.version2020.1" value="true"/>
    <property name="localRepository" value="/Users/alinapopescu/.m2/repository"/>
    <property name="java.vendor.url.bug" value="https://bugreport.java.com/bugreport/"/>
    <property name="java.io.tmpdir" value="/var/folders/h1/0sqk4f0j18b86xlqg8mrw3mm0000gn/T/"/>
    <property name="java.version" value="13.0.1"/>
    <property name="cucumber.filter.tags" value="@wip"/>
    <property name="user.dir" value="/Users/alinapopescu/IdeaProjects/fall-2019-cucumber-project"/>
    <property name="os.arch" value="x86_64"/>
    <property name="java.vm.specification.name" value="Java Virtual Machine Specification"/>
    <property name="java.library.path" value="/Users/alinapopescu/Library/Java/Extensions:/Library/Java/Extensions:/Network/Library/Java/Extensions:/System/Library/Java/Extensions:/usr/lib/java:."/>
    <property name="java.vm.info" value="mixed mode, sharing"/>
    <property name="java.vendor" value="Oracle Corporation"/>
    <property name="java.vm.version" value="13.0.1+9"/>
    <property name="sun.io.unicode.encoding" value="UnicodeBig"/>
    <property name="socksNonProxyHosts" value="local|*.local|169.254/16|*.169.254/16"/>
    <property name="java.class.version" value="57.0"/>
  </properties>
  <testcase name="Verify search results" classname="Books table" time="8.48"/>
  <testcase name="Verify book information" classname="Books table" time="17.827">
    <error message="Expected condition failed: waiting for element to be clickable: Proxy element for: DefaultElementLocator &apos;By.xpath: //span[@class=&apos;title&apos;][.=&apos;Books&apos;]&apos; (tried for 2 second(s) with 500 milliseconds interval)" type="org.openqa.selenium.TimeoutException"><![CDATA[org.openqa.selenium.TimeoutException: Expected condition failed: waiting for element to be clickable: Proxy element for: DefaultElementLocator 'By.xpath: //span[@class='title'][.='Books']' (tried for 2 second(s) with 500 milliseconds interval)
Caused by: org.openqa.selenium.NoSuchElementException: 
no such element: Unable to locate element: {"method":"xpath","selector":"//span[@class='title'][.='Books']"}
  (Session info: chrome=81.0.4044.129)
For documentation on this error, please visit: https://www.seleniumhq.org/exceptions/no_such_element.html
Build info: version: '3.141.59', revision: 'e82be7d358', time: '2018-11-14T08:17:03'
System info: host: 'AlinaPopescus-MacBook-Pro.local', ip: '2601:147:8200:c040:0:0:0:3899%en0', os.name: 'Mac OS X', os.arch: 'x86_64', os.version: '10.14.6', java.version: '13.0.1'
Driver info: org.openqa.selenium.chrome.ChromeDriver
Capabilities {acceptInsecureCerts: false, browserName: chrome, browserVersion: 81.0.4044.129, chrome: {chromedriverVersion: 81.0.4044.69 (6813546031a4b..., userDataDir: /var/folders/h1/0sqk4f0j18b...}, goog:chromeOptions: {debuggerAddress: localhost:62022}, javascriptEnabled: true, networkConnectionEnabled: false, pageLoadStrategy: normal, platform: MAC, platformName: MAC, proxy: Proxy(), setWindowRect: true, strictFileInteractability: false, timeouts: {implicit: 0, pageLoad: 300000, script: 30000}, unhandledPromptBehavior: dismiss and notify, webauthn:virtualAuthenticators: true}
Session ID: 016ca7fa605a5e82ced58187486e9d34
*** Element info: {Using=xpath, value=//span[@class='title'][.='Books']}
]]></error>
    <system-out><![CDATA[
@wip
Scenario: Verify book information           &amp#27;[90m# src/test/resources/features/BooksTable.feature:13&amp#27;[0m
Setting up the browser
Going to the login page
  &amp#27;[32mGiven &amp#27;[0m&amp#27;[32mI am on the login page&amp#27;[0m              &amp#27;[90m# com.cybertek.library.step_definitions.LoginStepDefs.i_am_on_the_login_page()&amp#27;[0m
  &amp#27;[32mAnd &amp#27;[0m&amp#27;[32mI login to application as a &amp#27;[0m&amp#27;[32m&amp#27;[1mlibrarian&amp#27;[0m &amp#27;[90m# com.cybertek.library.step_definitions.LoginStepDefs.i_login_to_application_as_a(java.lang.String)&amp#27;[0m
  &amp#27;[31mAnd &amp#27;[0m&amp#27;[31mI navigate to &amp#27;[0m&amp#27;[31m&amp#27;[1m"Books"&amp#27;[0m&amp#27;[31m page&amp#27;[0m            &amp#27;[90m# com.cybertek.library.step_definitions.PageNavigationStepDefs.i_go_to_page(java.lang.String)&amp#27;[0m
      &amp#27;[31morg.openqa.selenium.TimeoutException: Expected condition failed: waiting for element to be clickable: Proxy element for: DefaultElementLocator 'By.xpath: //span[@class='title'][.='Books']' (tried for 2 second(s) with 500 milliseconds interval)
	at org.openqa.selenium.support.ui.WebDriverWait.timeoutException(WebDriverWait.java:95)
	at org.openqa.selenium.support.ui.FluentWait.until(FluentWait.java:272)
	at com.cybertek.library.utilities.BrowserUtils.waitForClickability(BrowserUtils.java:80)
	at com.cybertek.library.step_definitions.PageNavigationStepDefs.i_go_to_page(PageNavigationStepDefs.java:95)
	at âœ½.I navigate to "Books" page(file:///Users/alinapopescu/IdeaProjects/fall-2019-cucumber-project/src/test/resources/features/BooksTable.feature:16)
Caused by: org.openqa.selenium.NoSuchElementException: no such element: Unable to locate element: {"method":"xpath","selector":"//span[@class='title'][.='Books']"}
  (Session info: chrome=81.0.4044.129)
For documentation on this error, please visit: https://www.seleniumhq.org/exceptions/no_such_element.html
Build info: version: '3.141.59', revision: 'e82be7d358', time: '2018-11-14T08:17:03'
System info: host: 'AlinaPopescus-MacBook-Pro.local', ip: '2601:147:8200:c040:0:0:0:3899%en0', os.name: 'Mac OS X', os.arch: 'x86_64', os.version: '10.14.6', java.version: '13.0.1'
Driver info: org.openqa.selenium.chrome.ChromeDriver
Capabilities {acceptInsecureCerts: false, browserName: chrome, browserVersion: 81.0.4044.129, chrome: {chromedriverVersion: 81.0.4044.69 (6813546031a4b..., userDataDir: /var/folders/h1/0sqk4f0j18b...}, goog:chromeOptions: {debuggerAddress: localhost:62022}, javascriptEnabled: true, networkConnectionEnabled: false, pageLoadStrategy: normal, platform: MAC, platformName: MAC, proxy: Proxy(), setWindowRect: true, strictFileInteractability: false, timeouts: {implicit: 0, pageLoad: 300000, script: 30000}, unhandledPromptBehavior: dismiss and notify, webauthn:virtualAuthenticators: true}
Session ID: 016ca7fa605a5e82ced58187486e9d34
*** Element info: {Using=xpath, value=//span[@class='title'][.='Books']}
	at java.base/jdk.internal.reflect.NativeConstructorAccessorImpl.newInstance0(Native Method)
	at java.base/jdk.internal.reflect.NativeConstructorAccessorImpl.newInstance(NativeConstructorAccessorImpl.java:62)
	at java.base/jdk.internal.reflect.DelegatingConstructorAccessorImpl.newInstance(DelegatingConstructorAccessorImpl.java:45)
	at java.base/java.lang.reflect.Constructor.newInstanceWithCaller(Constructor.java:500)
	at java.base/java.lang.reflect.Constructor.newInstance(Constructor.java:481)
	at org.openqa.selenium.remote.http.W3CHttpResponseCodec.createException(W3CHttpResponseCodec.java:187)
	at org.openqa.selenium.remote.http.W3CHttpResponseCodec.decode(W3CHttpResponseCodec.java:122)
	at org.openqa.selenium.remote.http.W3CHttpResponseCodec.decode(W3CHttpResponseCodec.java:49)
	at org.openqa.selenium.remote.HttpCommandExecutor.execute(HttpCommandExecutor.java:158)
	at org.openqa.selenium.remote.service.DriverCommandExecutor.execute(DriverCommandExecutor.java:83)
	at org.openqa.selenium.remote.RemoteWebDriver.execute(RemoteWebDriver.java:552)
	at org.openqa.selenium.remote.RemoteWebDriver.findElement(RemoteWebDriver.java:323)
	at org.openqa.selenium.remote.RemoteWebDriver.findElementByXPath(RemoteWebDriver.java:428)
	at org.openqa.selenium.By$ByXPath.findElement(By.java:353)
	at org.openqa.selenium.remote.RemoteWebDriver.findElement(RemoteWebDriver.java:315)
	at org.openqa.selenium.support.pagefactory.DefaultElementLocator.findElement(DefaultElementLocator.java:69)
	at org.openqa.selenium.support.pagefactory.internal.LocatingElementHandler.invoke(LocatingElementHandler.java:38)
	at com.sun.proxy.$Proxy20.isDisplayed(Unknown Source)
	at org.openqa.selenium.support.ui.ExpectedConditions.elementIfVisible(ExpectedConditions.java:314)
	at org.openqa.selenium.support.ui.ExpectedConditions.access$000(ExpectedConditions.java:43)
	at org.openqa.selenium.support.ui.ExpectedConditions$10.apply(ExpectedConditions.java:300)
	at org.openqa.selenium.support.ui.ExpectedConditions$10.apply(ExpectedConditions.java:297)
	at org.openqa.selenium.support.ui.ExpectedConditions$23.apply(ExpectedConditions.java:670)
	at org.openqa.selenium.support.ui.ExpectedConditions$23.apply(ExpectedConditions.java:666)
	at org.openqa.selenium.support.ui.FluentWait.until(FluentWait.java:249)
	at com.cybertek.library.utilities.BrowserUtils.waitForClickability(BrowserUtils.java:80)
	at com.cybertek.library.step_definitions.PageNavigationStepDefs.i_go_to_page(PageNavigationStepDefs.java:95)
	at java.base/jdk.internal.reflect.NativeMethodAccessorImpl.invoke0(Native Method)
	at java.base/jdk.internal.reflect.NativeMethodAccessorImpl.invoke(NativeMethodAccessorImpl.java:62)
	at java.base/jdk.internal.reflect.DelegatingMethodAccessorImpl.invoke(DelegatingMethodAccessorImpl.java:43)
	at java.base/java.lang.reflect.Method.invoke(Method.java:567)
	at io.cucumber.java.Invoker.invoke(Invoker.java:27)
	at io.cucumber.java.JavaStepDefinition.execute(JavaStepDefinition.java:27)
	at io.cucumber.core.runner.PickleStepDefinitionMatch.runStep(PickleStepDefinitionMatch.java:63)
	at io.cucumber.core.runner.TestStep.executeStep(TestStep.java:64)
	at io.cucumber.core.runner.TestStep.run(TestStep.java:49)
	at io.cucumber.core.runner.PickleStepTestStep.run(PickleStepTestStep.java:46)
	at io.cucumber.core.runner.TestCase.run(TestCase.java:51)
	at io.cucumber.core.runner.Runner.runPickle(Runner.java:66)
	at io.cucumber.junit.PickleRunners$NoStepDescriptions.run(PickleRunners.java:149)
	at io.cucumber.junit.FeatureRunner.runChild(FeatureRunner.java:83)
	at io.cucumber.junit.FeatureRunner.runChild(FeatureRunner.java:24)
	at org.junit.runners.ParentRunner$4.run(ParentRunner.java:331)
	at org.junit.runners.ParentRunner$1.schedule(ParentRunner.java:79)
	at org.junit.runners.ParentRunner.runChildren(ParentRunner.java:329)
	at org.junit.runners.ParentRunner.access$100(ParentRunner.java:66)
	at org.junit.runners.ParentRunner$2.evaluate(ParentRunner.java:293)
	at org.junit.runners.ParentRunner$3.evaluate(ParentRunner.java:306)
	at org.junit.runners.ParentRunner.run(ParentRunner.java:413)
	at io.cucumber.junit.Cucumber.runChild(Cucumber.java:185)
	at io.cucumber.junit.Cucumber.runChild(Cucumber.java:83)
	at org.junit.runners.ParentRunner$4.run(ParentRunner.java:331)
	at org.apache.maven.surefire.junitcore.pc.Scheduler$1.run(Scheduler.java:405)
	at java.base/java.util.concurrent.Executors$RunnableAdapter.call(Executors.java:515)
	at java.base/java.util.concurrent.FutureTask.run(FutureTask.java:264)
	at java.base/java.util.concurrent.ThreadPoolExecutor.runWorker(ThreadPoolExecutor.java:1128)
	at java.base/java.util.concurrent.ThreadPoolExecutor$Worker.run(ThreadPoolExecutor.java:628)
	at java.base/java.lang.Thread.run(Thread.java:830)
&amp#27;[0m
  &amp#27;[36mWhen &amp#27;[0m&amp#27;[36mI edit the book &amp#27;[0m&amp#27;[36m&amp#27;[1mThe kite runner&amp#27;[0m      &amp#27;[90m# com.cybertek.library.step_definitions.BooksTableStepDefs.i_edit_the_book(java.lang.String)&amp#27;[0m
  &amp#27;[36mThen &amp#27;[0m&amp#27;[36mI verify book information&amp#27;[0m            &amp#27;[90m# com.cybertek.library.step_definitions.BooksTableStepDefs.i_verify_book_information(com.cybertek.library.pojos.Book)&amp#27;[0m

    Embedding Verify book information [image/png 82981 bytes]

]]></system-out>
    <system-err><![CDATA[Starting ChromeDriver 81.0.4044.69 (6813546031a4bc83f717a2ef7cd4ac6ec1199132-refs/branch-heads/4044@{#776}) on port 42088
Only local connections are allowed.
Please protect ports used by ChromeDriver and related test frameworks to prevent access by malicious code.
May 02, 2020 6:28:54 PM org.openqa.selenium.remote.ProtocolHandshake createSession
INFO: Detected dialect: W3C
[1588458534.756][SEVERE]: Timed out receiving message from renderer: 0.100
[1588458534.857][SEVERE]: Timed out receiving message from renderer: 0.100
[1588458534.958][SEVERE]: Timed out receiving message from renderer: 0.100
[1588458535.060][SEVERE]: Timed out receiving message from renderer: 0.100
]]></system-err>
  </testcase>
</testsuite>